'username: MMF_9_8'
'executing drop_user.sql'
old   1: DROP USER "&&USERNAME" CASCADE
new   1: DROP USER "MMF_9_8" CASCADE

User dropped.

'user MMF_9_8 dropped succesfully'
'executing drop_tablespace.sql'
old   1: DROP TABLESPACE "&&TABLESPACE_NAME"
new   1: DROP TABLESPACE "MMF_9_8_DATA"
DROP TABLESPACE "MMF_9_8_DATA"
*
ERROR at line 1:
ORA-00959: tablespace 'MMF_9_8_DATA' does not exist 


old   1: DROP TABLESPACE "&&INDEX_NAME"
new   1: DROP TABLESPACE "MMF_9_8_IDX"
DROP TABLESPACE "MMF_9_8_IDX"
*
ERROR at line 1:
ORA-00959: tablespace 'MMF_9_8_IDX' does not exist 



Commit complete.

'tablespace MMF_9_8_DATA dropped'
